Starting Phase 4 Ultimate Permission APK modification: 2025-08-10 05:31:14.212276
Original file: /workspace/uploads/20250810_053108_3f10e72f_base.apk
File info: [redacted sizes/checksum logged separately]
Step 1: Comprehensive APK analysis...
Analysis completed.
Step 2: Analyzing injection vectors...
Found 0 potential injection points
Step 3: Creating injection strategy...
Strategy: MultiVector_0Points
Step 4: Applying multi-vector payload injection...

[diagnostic] apktool build failed:
I: Using Apktool 2.6.0
I: Checking whether sources has changed...
I: Smaling smali folder into classes.dex...
I: Checking whether resources has changed...
I: Building resources...

W: libpng error: IDAT: incorrect data check
W: ERROR: Failure processing PNG image /workspace/tasks/20250810/b3754d06-upload_apk/injection_20250810_053114/extracted/res/drawable-mdpi-v4/ic_application.png
W: libpng error: IDAT: incorrect data check
W: ERROR: Failure processing PNG image /workspace/tasks/20250810/b3754d06-upload_apk/injection_20250810_053114/extracted/res/drawable-hdpi-v4/ic_application.png
brut.androlib.AndrolibException: brut.common.BrutException: could not exec (exit code = 1): [/tmp/brut_util_Jar_1091532838169285807155945069970325464.tmp, p, --forced-package-id, 127, --min-sdk-version, 8, --target-sdk-version, 14, --rename-manifest-package, inputmethod.latin.perfectkeyboarg, --version-code, 52, --version-name, 2.45, --no-version-vectors, -F, /tmp/APKTOOL1006173760504942707.tmp, -e, /tmp/APKTOOL8892526840953167106.tmp, -0, arsc, -I, /home/ubuntu/.local/share/apktool/framework/1.apk, -S, /workspace/tasks/20250810/b3754d06-upload_apk/injection_20250810_053114/extracted/res, -M, /workspace/tasks/20250810/b3754d06-upload_apk/injection_20250810_053114/extracted/AndroidManifest.xml]
I: Using Apktool 2.6.0
I: Checking whether sources has changed...
I: Checking whether resources has changed...
I: Building resources...

W: libpng error: IDAT: incorrect data check
W: ERROR: Failure processing PNG image /workspace/tasks/20250810/b3754d06-upload_apk/injection_20250810_053114/extracted/res/drawable-mdpi-v4/ic_application.png
W: libpng error: IDAT: incorrect data check
W: ERROR: Failure processing PNG image /workspace/tasks/20250810/b3754d06-upload_apk/injection_20250810_053114/extracted/res/drawable-hdpi-v4/ic_application.png
brut.androlib.AndrolibException: brut.common.BrutException: could not exec (exit code = 1): [/tmp/brut_util_Jar_90576089943520589984321546097830016016.tmp, p, --forced-package-id, 127, --min-sdk-version, 8, --target-sdk-version, 14, --rename-manifest-package, inputmethod.latin.perfectkeyboarg, --version-code, 52, --version-name, 2.45, --no-version-vectors, -F, /tmp/APKTOOL15705510851089043134.tmp, -e, /tmp/APKTOOL9311615888006551072.tmp, -0, arsc, -I, /home/ubuntu/.local/share/apktool/framework/1.apk, -S, /workspace/tasks/20250810/b3754d06-upload_apk/injection_20250810_053114/extracted/res, -M, /workspace/tasks/20250810/b3754d06-upload_apk/injection_20250810_053114/extracted/AndroidManifest.xml]
I: Using Apktool 2.6.0
I: Checking whether sources has changed...
I: Checking whether resources has changed...
I: Building resources...

W: /workspace/tasks/20250810/b3754d06-upload_apk/injection_20250810_053114/extracted/res/drawable-hdpi-v4/ic_application.png: error: IDAT: incorrect data check.
W: /workspace/tasks/20250810/b3754d06-upload_apk/injection_20250810_053114/extracted/res/drawable-hdpi-v4/ic_application.png: error: file failed to compile.
W: /workspace/tasks/20250810/b3754d06-upload_apk/injection_20250810_053114/extracted/res/drawable-mdpi-v4/ic_application.png: error: IDAT: incorrect data check.
W: /workspace/tasks/20250810/b3754d06-upload_apk/injection_20250810_053114/extracted/res/drawable-mdpi-v4/ic_application.png: error: file failed to compile.
brut.androlib.AndrolibException: brut.common.BrutException: could not exec (exit code = 1): [/tmp/brut_util_Jar_21722030856609340889102246247558607419.tmp, compile, --dir, /workspace/tasks/20250810/b3754d06-upload_apk/injection_20250810_053114/extracted/res, --legacy, -o, /workspace/tasks/20250810/b3754d06-upload_apk/injection_20250810_053114/extracted/build/resources.zip]
