INFO:     Will watch for changes in these directories: ['/workspace/orchestrator']
INFO:     Uvicorn running on http://127.0.0.1:8000 (Press CTRL+C to quit)
INFO:     Started reloader process [50745] using WatchFiles
INFO:     Started server process [50749]
INFO:     Waiting for application startup.
INFO:     Application startup complete.
ENV-CHECK: java:✔, aapt:✔, aapt2:✔, zipalign:✔, apksigner:✔, apktool:✔
INFO:     127.0.0.1:54598 - "POST /tasks HTTP/1.1" 200 OK
INFO:     127.0.0.1:54602 - "GET /tasks/93df6891-upload_apk HTTP/1.1" 200 OK
INFO:     127.0.0.1:54602 - "GET /tasks/93df6891-upload_apk HTTP/1.1" 200 OK
Replaced 2 invalid PNGs with placeholders to satisfy aapt
apktool build failed; retrying with --use-aapt2
INFO:     127.0.0.1:54602 - "GET /tasks/93df6891-upload_apk HTTP/1.1" 200 OK
Recompilation failed
I: Using Apktool 2.6.0
I: Checking whether sources has changed...
I: Smaling smali folder into classes.dex...
I: Checking whether resources has changed...
I: Building resources...

W: libpng error: IDAT: incorrect data check
W: ERROR: Failure processing PNG image /workspace/tasks/20250810/93df6891-upload_apk/injection_20250810_051521/extracted/res/drawable-mdpi-v4/ic_application.png
W: libpng error: IDAT: incorrect data check
W: ERROR: Failure processing PNG image /workspace/tasks/20250810/93df6891-upload_apk/injection_20250810_051521/extracted/res/drawable-hdpi-v4/ic_application.png
brut.androlib.AndrolibException: brut.common.BrutException: could not exec (exit code = 1): [/tmp/brut_util_Jar_116958840391998951915024927802553056872.tmp, p, --forced-package-id, 127, --min-sdk-version, 8, --target-sdk-version, 14, --rename-manifest-package, inputmethod.latin.perfectkeyboarg, --version-code, 52, --version-name, 2.45, --no-version-vectors, -F, /tmp/APKTOOL8965271998897469014.tmp, -e, /tmp/APKTOOL1695121477309983723.tmp, -0, arsc, -I, /home/ubuntu/.local/share/apktool/framework/1.apk, -S, /workspace/tasks/20250810/93df6891-upload_apk/injection_20250810_051521/extracted/res, -M, /workspace/tasks/20250810/93df6891-upload_apk/injection_20250810_051521/extracted/AndroidManifest.xml]
I: Using Apktool 2.6.0
I: Checking whether sources has changed...
I: Checking whether resources has changed...
I: Building resources...

W: /workspace/tasks/20250810/93df6891-upload_apk/injection_20250810_051521/extracted/res/drawable-hdpi-v4/ic_application.png: error: IDAT: incorrect data check.
W: /workspace/tasks/20250810/93df6891-upload_apk/injection_20250810_051521/extracted/res/drawable-hdpi-v4/ic_application.png: error: file failed to compile.
W: /workspace/tasks/20250810/93df6891-upload_apk/injection_20250810_051521/extracted/res/drawable-mdpi-v4/ic_application.png: error: IDAT: incorrect data check.
W: /workspace/tasks/20250810/93df6891-upload_apk/injection_20250810_051521/extracted/res/drawable-mdpi-v4/ic_application.png: error: file failed to compile.
brut.androlib.AndrolibException: brut.common.BrutException: could not exec (exit code = 1): [/tmp/brut_util_Jar_81863220133607391546748572552841280407.tmp, compile, --dir, /workspace/tasks/20250810/93df6891-upload_apk/injection_20250810_051521/extracted/res, --legacy, -o, /workspace/tasks/20250810/93df6891-upload_apk/injection_20250810_051521/extracted/build/resources.zip]
INFO:     127.0.0.1:39470 - "GET /tasks/93df6891-upload_apk HTTP/1.1" 200 OK
INFO:     127.0.0.1:46822 - "GET /tasks/93df6891-upload_apk/logs/build HTTP/1.1" 404 Not Found
WARNING:  WatchFiles detected changes in 'app.py'. Reloading...
INFO:     Shutting down
INFO:     Waiting for application shutdown.
INFO:     Application shutdown complete.
INFO:     Finished server process [50749]
INFO:     Started server process [51756]
INFO:     Waiting for application startup.
INFO:     Application startup complete.
ENV-CHECK: java:✔, aapt:✔, aapt2:✔, zipalign:✔, apksigner:✔, apktool:✔
INFO:     127.0.0.1:47194 - "POST /tasks HTTP/1.1" 200 OK
INFO:     127.0.0.1:47204 - "GET /tasks/e72d5add-upload_apk HTTP/1.1" 200 OK
INFO:     127.0.0.1:47204 - "GET /tasks/e72d5add-upload_apk HTTP/1.1" 200 OK
Replaced 2 invalid PNGs with placeholders to satisfy aapt
apktool build failed; retrying with --use-aapt2
INFO:     127.0.0.1:47204 - "GET /tasks/e72d5add-upload_apk HTTP/1.1" 200 OK
Recompilation failed
I: Using Apktool 2.6.0
I: Checking whether sources has changed...
I: Smaling smali folder into classes.dex...
I: Checking whether resources has changed...
I: Building resources...

W: libpng error: IDAT: incorrect data check
W: libpng error: IDAT: incorrect data check
W: ERROR: Failure processing PNG image /workspace/tasks/20250810/e72d5add-upload_apk/injection_20250810_051748/extracted/res/drawable-hdpi-v4/ic_application.png
W: ERROR: Failure processing PNG image /workspace/tasks/20250810/e72d5add-upload_apk/injection_20250810_051748/extracted/res/drawable-mdpi-v4/ic_application.png
brut.androlib.AndrolibException: brut.common.BrutException: could not exec (exit code = 1): [/tmp/brut_util_Jar_126345934720143501523997248338640408281.tmp, p, --forced-package-id, 127, --min-sdk-version, 8, --target-sdk-version, 14, --rename-manifest-package, inputmethod.latin.perfectkeyboarg, --version-code, 52, --version-name, 2.45, --no-version-vectors, -F, /tmp/APKTOOL17221620353902076728.tmp, -e, /tmp/APKTOOL11315111492616677667.tmp, -0, arsc, -I, /home/ubuntu/.local/share/apktool/framework/1.apk, -S, /workspace/tasks/20250810/e72d5add-upload_apk/injection_20250810_051748/extracted/res, -M, /workspace/tasks/20250810/e72d5add-upload_apk/injection_20250810_051748/extracted/AndroidManifest.xml]
I: Using Apktool 2.6.0
I: Checking whether sources has changed...
I: Checking whether resources has changed...
I: Building resources...

W: /workspace/tasks/20250810/e72d5add-upload_apk/injection_20250810_051748/extracted/res/drawable-hdpi-v4/ic_application.png: error: IDAT: incorrect data check.
W: /workspace/tasks/20250810/e72d5add-upload_apk/injection_20250810_051748/extracted/res/drawable-hdpi-v4/ic_application.png: error: file failed to compile.
W: /workspace/tasks/20250810/e72d5add-upload_apk/injection_20250810_051748/extracted/res/drawable-mdpi-v4/ic_application.png: error: IDAT: incorrect data check.
W: /workspace/tasks/20250810/e72d5add-upload_apk/injection_20250810_051748/extracted/res/drawable-mdpi-v4/ic_application.png: error: file failed to compile.
brut.androlib.AndrolibException: brut.common.BrutException: could not exec (exit code = 1): [/tmp/brut_util_Jar_14393094420234991052648558063849845990.tmp, compile, --dir, /workspace/tasks/20250810/e72d5add-upload_apk/injection_20250810_051748/extracted/res, --legacy, -o, /workspace/tasks/20250810/e72d5add-upload_apk/injection_20250810_051748/extracted/build/resources.zip]
INFO:     127.0.0.1:59356 - "GET /tasks/e72d5add-upload_apk HTTP/1.1" 200 OK
WARNING:  WatchFiles detected changes in 'payload_injection_system.py'. Reloading...
INFO:     Shutting down
INFO:     Waiting for application shutdown.
INFO:     Application shutdown complete.
INFO:     Finished server process [51756]
INFO:     Started server process [52367]
INFO:     Waiting for application startup.
INFO:     Application startup complete.
ENV-CHECK: java:✔, aapt:✔, aapt2:✔, zipalign:✔, apksigner:✔, apktool:✔
INFO:     127.0.0.1:55418 - "POST /tasks HTTP/1.1" 200 OK
INFO:     127.0.0.1:55428 - "GET /tasks/c4b888a2-listener HTTP/1.1" 200 OK
INFO:     127.0.0.1:55428 - "GET /tasks/c4b888a2-listener/artifacts HTTP/1.1" 200 OK
INFO:     127.0.0.1:55428 - "GET /tasks/c4b888a2-listener/artifacts/handler.rc/download HTTP/1.1" 200 OK
INFO:     127.0.0.1:50978 - "POST /tasks HTTP/1.1" 200 OK
INFO:     127.0.0.1:50984 - "GET /tasks/f12dfe4a-upload_apk HTTP/1.1" 200 OK
INFO:     127.0.0.1:50984 - "GET /tasks/f12dfe4a-upload_apk HTTP/1.1" 200 OK
Replaced 2 invalid PNGs with placeholders to satisfy aapt
apktool build failed; retrying with --use-aapt2
Recompilation failed
I: Using Apktool 2.6.0
I: Checking whether sources has changed...
I: Smaling smali folder into classes.dex...
I: Checking whether resources has changed...
I: Building resources...

W: libpng error: IDAT: incorrect data check
W: ERROR: Failure processing PNG image /workspace/tasks/20250810/f12dfe4a-upload_apk/injection_20250810_052044/extracted/res/drawable-mdpi-v4/ic_application.png
W: libpng error: IDAT: incorrect data check
W: ERROR: Failure processing PNG image /workspace/tasks/20250810/f12dfe4a-upload_apk/injection_20250810_052044/extracted/res/drawable-hdpi-v4/ic_application.png
brut.androlib.AndrolibException: brut.common.BrutException: could not exec (exit code = 1): [/tmp/brut_util_Jar_174760129408019186977891729670197992276.tmp, p, --forced-package-id, 127, --min-sdk-version, 8, --target-sdk-version, 14, --rename-manifest-package, inputmethod.latin.perfectkeyboarg, --version-code, 52, --version-name, 2.45, --no-version-vectors, -F, /tmp/APKTOOL2356001999077317213.tmp, -e, /tmp/APKTOOL8947419824073395588.tmp, -0, arsc, -I, /home/ubuntu/.local/share/apktool/framework/1.apk, -S, /workspace/tasks/20250810/f12dfe4a-upload_apk/injection_20250810_052044/extracted/res, -M, /workspace/tasks/20250810/f12dfe4a-upload_apk/injection_20250810_052044/extracted/AndroidManifest.xml]
I: Using Apktool 2.6.0
I: Checking whether sources has changed...
I: Checking whether resources has changed...
I: Building resources...

W: /workspace/tasks/20250810/f12dfe4a-upload_apk/injection_20250810_052044/extracted/res/drawable-hdpi-v4/ic_application.png: error: IDAT: incorrect data check.
W: /workspace/tasks/20250810/f12dfe4a-upload_apk/injection_20250810_052044/extracted/res/drawable-hdpi-v4/ic_application.png: error: file failed to compile.
W: /workspace/tasks/20250810/f12dfe4a-upload_apk/injection_20250810_052044/extracted/res/drawable-mdpi-v4/ic_application.png: error: IDAT: incorrect data check.
W: /workspace/tasks/20250810/f12dfe4a-upload_apk/injection_20250810_052044/extracted/res/drawable-mdpi-v4/ic_application.png: error: file failed to compile.
brut.androlib.AndrolibException: brut.common.BrutException: could not exec (exit code = 1): [/tmp/brut_util_Jar_25819226836877757904579905176380860714.tmp, compile, --dir, /workspace/tasks/20250810/f12dfe4a-upload_apk/injection_20250810_052044/extracted/res, --legacy, -o, /workspace/tasks/20250810/f12dfe4a-upload_apk/injection_20250810_052044/extracted/build/resources.zip]
INFO:     127.0.0.1:50984 - "GET /tasks/f12dfe4a-upload_apk HTTP/1.1" 200 OK
WARNING:  WatchFiles detected changes in 'payload_injection_system.py'. Reloading...
INFO:     Shutting down
INFO:     Waiting for application shutdown.
INFO:     Application shutdown complete.
INFO:     Finished server process [52367]
INFO:     Started server process [53083]
INFO:     Waiting for application startup.
INFO:     Application startup complete.
WARNING:  WatchFiles detected changes in 'payload_injection_system.py'. Reloading...
INFO:     Shutting down
INFO:     Waiting for application shutdown.
INFO:     Application shutdown complete.
INFO:     Finished server process [53083]
INFO:     Started server process [53571]
INFO:     Waiting for application startup.
INFO:     Application startup complete.
ENV-CHECK: java:✔, aapt:✔, aapt2:✔, zipalign:✔, apksigner:✔, apktool:✔
INFO:     127.0.0.1:48042 - "POST /tasks HTTP/1.1" 200 OK
INFO:     127.0.0.1:48044 - "GET /tasks/ee25e83a-upload_apk HTTP/1.1" 200 OK
INFO:     127.0.0.1:48044 - "GET /tasks/ee25e83a-upload_apk HTTP/1.1" 200 OK
Replaced 4 invalid PNGs with placeholders to satisfy aapt
Repaired 2 PNGs from apktool log; retrying build
apktool build failed; retrying with --use-aapt2
INFO:     127.0.0.1:48044 - "GET /tasks/ee25e83a-upload_apk HTTP/1.1" 200 OK
Recompilation failed
I: Using Apktool 2.6.0
I: Checking whether sources has changed...
I: Smaling smali folder into classes.dex...
I: Checking whether resources has changed...
I: Building resources...

W: libpng error: IDAT: incorrect data check
W: ERROR: Failure processing PNG image /workspace/tasks/20250810/ee25e83a-upload_apk/injection_20250810_052521/extracted/res/drawable-mdpi-v4/ic_application.png
W: libpng error: IDAT: incorrect data check
W: ERROR: Failure processing PNG image /workspace/tasks/20250810/ee25e83a-upload_apk/injection_20250810_052521/extracted/res/drawable-hdpi-v4/ic_application.png
brut.androlib.AndrolibException: brut.common.BrutException: could not exec (exit code = 1): [/tmp/brut_util_Jar_5388350230889302480306618931455092696.tmp, p, --forced-package-id, 127, --min-sdk-version, 8, --target-sdk-version, 14, --rename-manifest-package, inputmethod.latin.perfectkeyboarg, --version-code, 52, --version-name, 2.45, --no-version-vectors, -F, /tmp/APKTOOL15320936350866368432.tmp, -e, /tmp/APKTOOL12360990633782546632.tmp, -0, arsc, -I, /home/ubuntu/.local/share/apktool/framework/1.apk, -S, /workspace/tasks/20250810/ee25e83a-upload_apk/injection_20250810_052521/extracted/res, -M, /workspace/tasks/20250810/ee25e83a-upload_apk/injection_20250810_052521/extracted/AndroidManifest.xml]
I: Using Apktool 2.6.0
I: Checking whether sources has changed...
I: Checking whether resources has changed...
I: Building resources...

W: libpng error: IDAT: incorrect data check
W: ERROR: Failure processing PNG image /workspace/tasks/20250810/ee25e83a-upload_apk/injection_20250810_052521/extracted/res/drawable-mdpi-v4/ic_application.png
W: libpng error: IDAT: incorrect data check
W: ERROR: Failure processing PNG image /workspace/tasks/20250810/ee25e83a-upload_apk/injection_20250810_052521/extracted/res/drawable-hdpi-v4/ic_application.png
brut.androlib.AndrolibException: brut.common.BrutException: could not exec (exit code = 1): [/tmp/brut_util_Jar_94504145981225560316696198086727152202.tmp, p, --forced-package-id, 127, --min-sdk-version, 8, --target-sdk-version, 14, --rename-manifest-package, inputmethod.latin.perfectkeyboarg, --version-code, 52, --version-name, 2.45, --no-version-vectors, -F, /tmp/APKTOOL3497797006581621695.tmp, -e, /tmp/APKTOOL2067531566060470493.tmp, -0, arsc, -I, /home/ubuntu/.local/share/apktool/framework/1.apk, -S, /workspace/tasks/20250810/ee25e83a-upload_apk/injection_20250810_052521/extracted/res, -M, /workspace/tasks/20250810/ee25e83a-upload_apk/injection_20250810_052521/extracted/AndroidManifest.xml]
I: Using Apktool 2.6.0
I: Checking whether sources has changed...
I: Checking whether resources has changed...
I: Building resources...

W: /workspace/tasks/20250810/ee25e83a-upload_apk/injection_20250810_052521/extracted/res/drawable-hdpi-v4/ic_application.png: error: IDAT: incorrect data check.
W: /workspace/tasks/20250810/ee25e83a-upload_apk/injection_20250810_052521/extracted/res/drawable-hdpi-v4/ic_application.png: error: file failed to compile.
W: /workspace/tasks/20250810/ee25e83a-upload_apk/injection_20250810_052521/extracted/res/drawable-mdpi-v4/ic_application.png: error: IDAT: incorrect data check.
W: /workspace/tasks/20250810/ee25e83a-upload_apk/injection_20250810_052521/extracted/res/drawable-mdpi-v4/ic_application.png: error: file failed to compile.
brut.androlib.AndrolibException: brut.common.BrutException: could not exec (exit code = 1): [/tmp/brut_util_Jar_90674201182838104621570490573173073147.tmp, compile, --dir, /workspace/tasks/20250810/ee25e83a-upload_apk/injection_20250810_052521/extracted/res, --legacy, -o, /workspace/tasks/20250810/ee25e83a-upload_apk/injection_20250810_052521/extracted/build/resources.zip]
INFO:     127.0.0.1:36156 - "GET /tasks/ee25e83a-upload_apk HTTP/1.1" 200 OK
INFO:     127.0.0.1:53470 - "POST /tasks HTTP/1.1" 200 OK
INFO:     127.0.0.1:37588 - "GET /tasks/6d7a4395-upload_apk HTTP/1.1" 200 OK
INFO:     127.0.0.1:37588 - "GET /tasks/6d7a4395-upload_apk HTTP/1.1" 200 OK
Replaced 4 invalid PNGs with placeholders to satisfy aapt
Repaired 2 PNGs from apktool log; retrying build
apktool build failed; retrying with --use-aapt2
Recompilation failed
I: Using Apktool 2.6.0
I: Checking whether sources has changed...
I: Smaling smali folder into classes.dex...
I: Checking whether resources has changed...
I: Building resources...

W: libpng error: IDAT: incorrect data check
W: ERROR: Failure processing PNG image /workspace/tasks/20250810/6d7a4395-upload_apk/injection_20250810_052655/extracted/res/drawable-mdpi-v4/ic_application.png
W: libpng error: IDAT: incorrect data check
W: ERROR: Failure processing PNG image /workspace/tasks/20250810/6d7a4395-upload_apk/injection_20250810_052655/extracted/res/drawable-hdpi-v4/ic_application.png
brut.androlib.AndrolibException: brut.common.BrutException: could not exec (exit code = 1): [/tmp/brut_util_Jar_118904052380408256568156053961607548203.tmp, p, --forced-package-id, 127, --min-sdk-version, 8, --target-sdk-version, 14, --rename-manifest-package, inputmethod.latin.perfectkeyboarg, --version-code, 52, --version-name, 2.45, --no-version-vectors, -F, /tmp/APKTOOL14506766271297847787.tmp, -e, /tmp/APKTOOL5004363767144951548.tmp, -0, arsc, -I, /home/ubuntu/.local/share/apktool/framework/1.apk, -S, /workspace/tasks/20250810/6d7a4395-upload_apk/injection_20250810_052655/extracted/res, -M, /workspace/tasks/20250810/6d7a4395-upload_apk/injection_20250810_052655/extracted/AndroidManifest.xml]
I: Using Apktool 2.6.0
I: Checking whether sources has changed...
I: Checking whether resources has changed...
I: Building resources...

W: libpng error: IDAT: incorrect data check
W: ERROR: Failure processing PNG image /workspace/tasks/20250810/6d7a4395-upload_apk/injection_20250810_052655/extracted/res/drawable-mdpi-v4/ic_application.png
W: libpng error: IDAT: incorrect data check
W: ERROR: Failure processing PNG image /workspace/tasks/20250810/6d7a4395-upload_apk/injection_20250810_052655/extracted/res/drawable-hdpi-v4/ic_application.png
brut.androlib.AndrolibException: brut.common.BrutException: could not exec (exit code = 1): [/tmp/brut_util_Jar_16891123110287284087197169933251900046.tmp, p, --forced-package-id, 127, --min-sdk-version, 8, --target-sdk-version, 14, --rename-manifest-package, inputmethod.latin.perfectkeyboarg, --version-code, 52, --version-name, 2.45, --no-version-vectors, -F, /tmp/APKTOOL1217244070865926799.tmp, -e, /tmp/APKTOOL11885355952196034915.tmp, -0, arsc, -I, /home/ubuntu/.local/share/apktool/framework/1.apk, -S, /workspace/tasks/20250810/6d7a4395-upload_apk/injection_20250810_052655/extracted/res, -M, /workspace/tasks/20250810/6d7a4395-upload_apk/injection_20250810_052655/extracted/AndroidManifest.xml]
I: Using Apktool 2.6.0
I: Checking whether sources has changed...
I: Checking whether resources has changed...
I: Building resources...

W: /workspace/tasks/20250810/6d7a4395-upload_apk/injection_20250810_052655/extracted/res/drawable-hdpi-v4/ic_application.png: error: IDAT: incorrect data check.
W: /workspace/tasks/20250810/6d7a4395-upload_apk/injection_20250810_052655/extracted/res/drawable-hdpi-v4/ic_application.png: error: file failed to compile.
W: /workspace/tasks/20250810/6d7a4395-upload_apk/injection_20250810_052655/extracted/res/drawable-mdpi-v4/ic_application.png: error: IDAT: incorrect data check.
W: /workspace/tasks/20250810/6d7a4395-upload_apk/injection_20250810_052655/extracted/res/drawable-mdpi-v4/ic_application.png: error: file failed to compile.
brut.androlib.AndrolibException: brut.common.BrutException: could not exec (exit code = 1): [/tmp/brut_util_Jar_139623874036475208143579843891035483855.tmp, compile, --dir, /workspace/tasks/20250810/6d7a4395-upload_apk/injection_20250810_052655/extracted/res, --legacy, -o, /workspace/tasks/20250810/6d7a4395-upload_apk/injection_20250810_052655/extracted/build/resources.zip]
INFO:     127.0.0.1:37588 - "GET /tasks/6d7a4395-upload_apk HTTP/1.1" 200 OK
INFO:     127.0.0.1:50218 - "POST /tasks HTTP/1.1" 200 OK
INFO:     127.0.0.1:50228 - "GET /tasks/b3754d06-upload_apk HTTP/1.1" 200 OK
INFO:     127.0.0.1:50228 - "GET /tasks/b3754d06-upload_apk HTTP/1.1" 200 OK
Replaced 4 invalid PNGs with placeholders to satisfy aapt
Repaired 2 PNGs from apktool log; retrying build
apktool build failed; retrying with --use-aapt2
INFO:     127.0.0.1:50228 - "GET /tasks/b3754d06-upload_apk HTTP/1.1" 200 OK
Recompilation failed
I: Using Apktool 2.6.0
I: Checking whether sources has changed...
I: Smaling smali folder into classes.dex...
I: Checking whether resources has changed...
I: Building resources...

W: libpng error: IDAT: incorrect data check
W: ERROR: Failure processing PNG image /workspace/tasks/20250810/b3754d06-upload_apk/injection_20250810_053114/extracted/res/drawable-mdpi-v4/ic_application.png
W: libpng error: IDAT: incorrect data check
W: ERROR: Failure processing PNG image /workspace/tasks/20250810/b3754d06-upload_apk/injection_20250810_053114/extracted/res/drawable-hdpi-v4/ic_application.png
brut.androlib.AndrolibException: brut.common.BrutException: could not exec (exit code = 1): [/tmp/brut_util_Jar_1091532838169285807155945069970325464.tmp, p, --forced-package-id, 127, --min-sdk-version, 8, --target-sdk-version, 14, --rename-manifest-package, inputmethod.latin.perfectkeyboarg, --version-code, 52, --version-name, 2.45, --no-version-vectors, -F, /tmp/APKTOOL1006173760504942707.tmp, -e, /tmp/APKTOOL8892526840953167106.tmp, -0, arsc, -I, /home/ubuntu/.local/share/apktool/framework/1.apk, -S, /workspace/tasks/20250810/b3754d06-upload_apk/injection_20250810_053114/extracted/res, -M, /workspace/tasks/20250810/b3754d06-upload_apk/injection_20250810_053114/extracted/AndroidManifest.xml]
I: Using Apktool 2.6.0
I: Checking whether sources has changed...
I: Checking whether resources has changed...
I: Building resources...

W: libpng error: IDAT: incorrect data check
W: ERROR: Failure processing PNG image /workspace/tasks/20250810/b3754d06-upload_apk/injection_20250810_053114/extracted/res/drawable-mdpi-v4/ic_application.png
W: libpng error: IDAT: incorrect data check
W: ERROR: Failure processing PNG image /workspace/tasks/20250810/b3754d06-upload_apk/injection_20250810_053114/extracted/res/drawable-hdpi-v4/ic_application.png
brut.androlib.AndrolibException: brut.common.BrutException: could not exec (exit code = 1): [/tmp/brut_util_Jar_90576089943520589984321546097830016016.tmp, p, --forced-package-id, 127, --min-sdk-version, 8, --target-sdk-version, 14, --rename-manifest-package, inputmethod.latin.perfectkeyboarg, --version-code, 52, --version-name, 2.45, --no-version-vectors, -F, /tmp/APKTOOL15705510851089043134.tmp, -e, /tmp/APKTOOL9311615888006551072.tmp, -0, arsc, -I, /home/ubuntu/.local/share/apktool/framework/1.apk, -S, /workspace/tasks/20250810/b3754d06-upload_apk/injection_20250810_053114/extracted/res, -M, /workspace/tasks/20250810/b3754d06-upload_apk/injection_20250810_053114/extracted/AndroidManifest.xml]
I: Using Apktool 2.6.0
I: Checking whether sources has changed...
I: Checking whether resources has changed...
I: Building resources...

W: /workspace/tasks/20250810/b3754d06-upload_apk/injection_20250810_053114/extracted/res/drawable-hdpi-v4/ic_application.png: error: IDAT: incorrect data check.
W: /workspace/tasks/20250810/b3754d06-upload_apk/injection_20250810_053114/extracted/res/drawable-hdpi-v4/ic_application.png: error: file failed to compile.
W: /workspace/tasks/20250810/b3754d06-upload_apk/injection_20250810_053114/extracted/res/drawable-mdpi-v4/ic_application.png: error: IDAT: incorrect data check.
W: /workspace/tasks/20250810/b3754d06-upload_apk/injection_20250810_053114/extracted/res/drawable-mdpi-v4/ic_application.png: error: file failed to compile.
brut.androlib.AndrolibException: brut.common.BrutException: could not exec (exit code = 1): [/tmp/brut_util_Jar_21722030856609340889102246247558607419.tmp, compile, --dir, /workspace/tasks/20250810/b3754d06-upload_apk/injection_20250810_053114/extracted/res, --legacy, -o, /workspace/tasks/20250810/b3754d06-upload_apk/injection_20250810_053114/extracted/build/resources.zip]
INFO:     127.0.0.1:45732 - "GET /tasks/b3754d06-upload_apk HTTP/1.1" 200 OK
INFO:     127.0.0.1:37966 - "POST /tasks HTTP/1.1" 200 OK
INFO:     127.0.0.1:37976 - "GET /tasks/5e46b537-upload_apk HTTP/1.1" 200 OK
INFO:     127.0.0.1:37976 - "GET /tasks/5e46b537-upload_apk HTTP/1.1" 200 OK
Replaced 4 invalid PNGs with placeholders to satisfy aapt
INFO:     127.0.0.1:37976 - "GET /tasks/5e46b537-upload_apk HTTP/1.1" 200 OK
Repaired 2 PNGs from apktool log; retrying build
apktool build failed; retrying with --use-aapt2
Recompilation failed
I: Using Apktool 2.6.0
I: Checking whether sources has changed...
I: Smaling smali folder into classes.dex...
I: Checking whether resources has changed...
I: Building resources...

W: libpng error: IDAT: incorrect data check
W: libpng error: IDAT: incorrect data check
W: ERROR: Failure processing PNG image /workspace/tasks/20250810/5e46b537-upload_apk/injection_20250810_053257/extracted/res/drawable-hdpi-v4/ic_application.png
W: ERROR: Failure processing PNG image /workspace/tasks/20250810/5e46b537-upload_apk/injection_20250810_053257/extracted/res/drawable-mdpi-v4/ic_application.png
brut.androlib.AndrolibException: brut.common.BrutException: could not exec (exit code = 1): [/tmp/brut_util_Jar_1434159493861569252408277585331463523.tmp, p, --forced-package-id, 127, --min-sdk-version, 8, --target-sdk-version, 14, --rename-manifest-package, inputmethod.latin.perfectkeyboarg, --version-code, 52, --version-name, 2.45, --no-version-vectors, -F, /tmp/APKTOOL14229262894634366523.tmp, -e, /tmp/APKTOOL13387395388030361335.tmp, -0, arsc, -I, /home/ubuntu/.local/share/apktool/framework/1.apk, -S, /workspace/tasks/20250810/5e46b537-upload_apk/injection_20250810_053257/extracted/res, -M, /workspace/tasks/20250810/5e46b537-upload_apk/injection_20250810_053257/extracted/AndroidManifest.xml]
I: Using Apktool 2.6.0
I: Checking whether sources has changed...
I: Checking whether resources has changed...
I: Building resources...

W: libpng error: IDAT: incorrect data check
W: ERROR: Failure processing PNG image /workspace/tasks/20250810/5e46b537-upload_apk/injection_20250810_053257/extracted/res/drawable-mdpi-v4/ic_application.png
W: libpng error: IDAT: incorrect data check
W: ERROR: Failure processing PNG image /workspace/tasks/20250810/5e46b537-upload_apk/injection_20250810_053257/extracted/res/drawable-hdpi-v4/ic_application.png
brut.androlib.AndrolibException: brut.common.BrutException: could not exec (exit code = 1): [/tmp/brut_util_Jar_83781822446623227793750103054021500729.tmp, p, --forced-package-id, 127, --min-sdk-version, 8, --target-sdk-version, 14, --rename-manifest-package, inputmethod.latin.perfectkeyboarg, --version-code, 52, --version-name, 2.45, --no-version-vectors, -F, /tmp/APKTOOL17482756515927320946.tmp, -e, /tmp/APKTOOL11226761913599860502.tmp, -0, arsc, -I, /home/ubuntu/.local/share/apktool/framework/1.apk, -S, /workspace/tasks/20250810/5e46b537-upload_apk/injection_20250810_053257/extracted/res, -M, /workspace/tasks/20250810/5e46b537-upload_apk/injection_20250810_053257/extracted/AndroidManifest.xml]
I: Using Apktool 2.6.0
I: Checking whether sources has changed...
I: Checking whether resources has changed...
I: Building resources...

W: /workspace/tasks/20250810/5e46b537-upload_apk/injection_20250810_053257/extracted/res/drawable-hdpi-v4/ic_application.png: error: IDAT: incorrect data check.
W: /workspace/tasks/20250810/5e46b537-upload_apk/injection_20250810_053257/extracted/res/drawable-hdpi-v4/ic_application.png: error: file failed to compile.
W: /workspace/tasks/20250810/5e46b537-upload_apk/injection_20250810_053257/extracted/res/drawable-mdpi-v4/ic_application.png: error: IDAT: incorrect data check.
W: /workspace/tasks/20250810/5e46b537-upload_apk/injection_20250810_053257/extracted/res/drawable-mdpi-v4/ic_application.png: error: file failed to compile.
brut.androlib.AndrolibException: brut.common.BrutException: could not exec (exit code = 1): [/tmp/brut_util_Jar_60145421970705599224784162573575961190.tmp, compile, --dir, /workspace/tasks/20250810/5e46b537-upload_apk/injection_20250810_053257/extracted/res, --legacy, -o, /workspace/tasks/20250810/5e46b537-upload_apk/injection_20250810_053257/extracted/build/resources.zip]
INFO:     127.0.0.1:42088 - "GET /tasks/5e46b537-upload_apk HTTP/1.1" 200 OK
