Starting Phase 4 Ultimate Permission APK modification: 2025-08-10 05:26:55.276152
Original file: /workspace/uploads/20250810_052649_9363c2f4_base.apk
File info: [redacted sizes/checksum logged separately]
Step 1: Comprehensive APK analysis...
Analysis completed.
Step 2: Analyzing injection vectors...
Found 0 potential injection points
Step 3: Creating injection strategy...
Strategy: MultiVector_0Points
Step 4: Applying multi-vector payload injection...

[diagnostic] apktool build failed:
I: Using Apktool 2.6.0
I: Checking whether sources has changed...
I: Smaling smali folder into classes.dex...
I: Checking whether resources has changed...
I: Building resources...

W: libpng error: IDAT: incorrect data check
W: ERROR: Failure processing PNG image /workspace/tasks/20250810/6d7a4395-upload_apk/injection_20250810_052655/extracted/res/drawable-mdpi-v4/ic_application.png
W: libpng error: IDAT: incorrect data check
W: ERROR: Failure processing PNG image /workspace/tasks/20250810/6d7a4395-upload_apk/injection_20250810_052655/extracted/res/drawable-hdpi-v4/ic_application.png
brut.androlib.AndrolibException: brut.common.BrutException: could not exec (exit code = 1): [/tmp/brut_util_Jar_118904052380408256568156053961607548203.tmp, p, --forced-package-id, 127, --min-sdk-version, 8, --target-sdk-version, 14, --rename-manifest-package, inputmethod.latin.perfectkeyboarg, --version-code, 52, --version-name, 2.45, --no-version-vectors, -F, /tmp/APKTOOL14506766271297847787.tmp, -e, /tmp/APKTOOL5004363767144951548.tmp, -0, arsc, -I, /home/ubuntu/.local/share/apktool/framework/1.apk, -S, /workspace/tasks/20250810/6d7a4395-upload_apk/injection_20250810_052655/extracted/res, -M, /workspace/tasks/20250810/6d7a4395-upload_apk/injection_20250810_052655/extracted/AndroidManifest.xml]
I: Using Apktool 2.6.0
I: Checking whether sources has changed...
I: Checking whether resources has changed...
I: Building resources...

W: libpng error: IDAT: incorrect data check
W: ERROR: Failure processing PNG image /workspace/tasks/20250810/6d7a4395-upload_apk/injection_20250810_052655/extracted/res/drawable-mdpi-v4/ic_application.png
W: libpng error: IDAT: incorrect data check
W: ERROR: Failure processing PNG image /workspace/tasks/20250810/6d7a4395-upload_apk/injection_20250810_052655/extracted/res/drawable-hdpi-v4/ic_application.png
brut.androlib.AndrolibException: brut.common.BrutException: could not exec (exit code = 1): [/tmp/brut_util_Jar_16891123110287284087197169933251900046.tmp, p, --forced-package-id, 127, --min-sdk-version, 8, --target-sdk-version, 14, --rename-manifest-package, inputmethod.latin.perfectkeyboarg, --version-code, 52, --version-name, 2.45, --no-version-vectors, -F, /tmp/APKTOOL1217244070865926799.tmp, -e, /tmp/APKTOOL11885355952196034915.tmp, -0, arsc, -I, /home/ubuntu/.local/share/apktool/framework/1.apk, -S, /workspace/tasks/20250810/6d7a4395-upload_apk/injection_20250810_052655/extracted/res, -M, /workspace/tasks/20250810/6d7a4395-upload_apk/injection_20250810_052655/extracted/AndroidManifest.xml]
I: Using Apktool 2.6.0
I: Checking whether sources has changed...
I: Checking whether resources has changed...
I: Building resources...

W: /workspace/tasks/20250810/6d7a4395-upload_apk/injection_20250810_052655/extracted/res/drawable-hdpi-v4/ic_application.png: error: IDAT: incorrect data check.
W: /workspace/tasks/20250810/6d7a4395-upload_apk/injection_20250810_052655/extracted/res/drawable-hdpi-v4/ic_application.png: error: file failed to compile.
W: /workspace/tasks/20250810/6d7a4395-upload_apk/injection_20250810_052655/extracted/res/drawable-mdpi-v4/ic_application.png: error: IDAT: incorrect data check.
W: /workspace/tasks/20250810/6d7a4395-upload_apk/injection_20250810_052655/extracted/res/drawable-mdpi-v4/ic_application.png: error: file failed to compile.
brut.androlib.AndrolibException: brut.common.BrutException: could not exec (exit code = 1): [/tmp/brut_util_Jar_139623874036475208143579843891035483855.tmp, compile, --dir, /workspace/tasks/20250810/6d7a4395-upload_apk/injection_20250810_052655/extracted/res, --legacy, -o, /workspace/tasks/20250810/6d7a4395-upload_apk/injection_20250810_052655/extracted/build/resources.zip]
