/workspace/bot/bot.py:217: PTBUserWarning: If 'per_message=False', 'CallbackQueryHandler' will not be tracked for every message. Read this FAQ entry to learn more about the per_* settings: https://github.com/python-telegram-bot/python-telegram-bot/wiki/Frequently-Asked-Questions#what-do-the-per_-settings-in-conversationhandler-do.
  conv = ConversationHandler(
2025-08-09 04:42:57,141 INFO Starting polling...
2025-08-09 04:42:57,411 INFO HTTP Request: POST https://api.telegram.org/bot8024375688:AAHYvfceRF22ZVMxlvqkdtfmR4rkWTyQDLo/getMe "HTTP/1.1 200 OK"
2025-08-09 04:42:57,497 INFO HTTP Request: POST https://api.telegram.org/bot8024375688:AAHYvfceRF22ZVMxlvqkdtfmR4rkWTyQDLo/deleteWebhook "HTTP/1.1 200 OK"
2025-08-09 04:42:57,498 INFO Application started
2025-08-09 04:43:07,751 INFO HTTP Request: POST https://api.telegram.org/bot8024375688:AAHYvfceRF22ZVMxlvqkdtfmR4rkWTyQDLo/getUpdates "HTTP/1.1 200 OK"
2025-08-09 04:43:17,835 INFO HTTP Request: POST https://api.telegram.org/bot8024375688:AAHYvfceRF22ZVMxlvqkdtfmR4rkWTyQDLo/getUpdates "HTTP/1.1 200 OK"
2025-08-09 04:43:27,919 INFO HTTP Request: POST https://api.telegram.org/bot8024375688:AAHYvfceRF22ZVMxlvqkdtfmR4rkWTyQDLo/getUpdates "HTTP/1.1 200 OK"
2025-08-09 04:43:38,002 INFO HTTP Request: POST https://api.telegram.org/bot8024375688:AAHYvfceRF22ZVMxlvqkdtfmR4rkWTyQDLo/getUpdates "HTTP/1.1 200 OK"
2025-08-09 04:43:48,085 INFO HTTP Request: POST https://api.telegram.org/bot8024375688:AAHYvfceRF22ZVMxlvqkdtfmR4rkWTyQDLo/getUpdates "HTTP/1.1 200 OK"
2025-08-09 04:43:58,170 INFO HTTP Request: POST https://api.telegram.org/bot8024375688:AAHYvfceRF22ZVMxlvqkdtfmR4rkWTyQDLo/getUpdates "HTTP/1.1 200 OK"
2025-08-09 04:44:08,253 INFO HTTP Request: POST https://api.telegram.org/bot8024375688:AAHYvfceRF22ZVMxlvqkdtfmR4rkWTyQDLo/getUpdates "HTTP/1.1 200 OK"
2025-08-09 04:44:18,337 INFO HTTP Request: POST https://api.telegram.org/bot8024375688:AAHYvfceRF22ZVMxlvqkdtfmR4rkWTyQDLo/getUpdates "HTTP/1.1 200 OK"
2025-08-09 04:44:28,420 INFO HTTP Request: POST https://api.telegram.org/bot8024375688:AAHYvfceRF22ZVMxlvqkdtfmR4rkWTyQDLo/getUpdates "HTTP/1.1 200 OK"
2025-08-09 04:44:38,504 INFO HTTP Request: POST https://api.telegram.org/bot8024375688:AAHYvfceRF22ZVMxlvqkdtfmR4rkWTyQDLo/getUpdates "HTTP/1.1 200 OK"
2025-08-09 04:44:48,588 INFO HTTP Request: POST https://api.telegram.org/bot8024375688:AAHYvfceRF22ZVMxlvqkdtfmR4rkWTyQDLo/getUpdates "HTTP/1.1 200 OK"
2025-08-09 04:44:58,671 INFO HTTP Request: POST https://api.telegram.org/bot8024375688:AAHYvfceRF22ZVMxlvqkdtfmR4rkWTyQDLo/getUpdates "HTTP/1.1 200 OK"
2025-08-09 04:45:08,755 INFO HTTP Request: POST https://api.telegram.org/bot8024375688:AAHYvfceRF22ZVMxlvqkdtfmR4rkWTyQDLo/getUpdates "HTTP/1.1 200 OK"
2025-08-09 04:45:18,838 INFO HTTP Request: POST https://api.telegram.org/bot8024375688:AAHYvfceRF22ZVMxlvqkdtfmR4rkWTyQDLo/getUpdates "HTTP/1.1 200 OK"
2025-08-09 04:45:28,923 INFO HTTP Request: POST https://api.telegram.org/bot8024375688:AAHYvfceRF22ZVMxlvqkdtfmR4rkWTyQDLo/getUpdates "HTTP/1.1 200 OK"
2025-08-09 04:45:39,008 INFO HTTP Request: POST https://api.telegram.org/bot8024375688:AAHYvfceRF22ZVMxlvqkdtfmR4rkWTyQDLo/getUpdates "HTTP/1.1 200 OK"
2025-08-09 04:45:49,092 INFO HTTP Request: POST https://api.telegram.org/bot8024375688:AAHYvfceRF22ZVMxlvqkdtfmR4rkWTyQDLo/getUpdates "HTTP/1.1 200 OK"
2025-08-09 04:45:59,176 INFO HTTP Request: POST https://api.telegram.org/bot8024375688:AAHYvfceRF22ZVMxlvqkdtfmR4rkWTyQDLo/getUpdates "HTTP/1.1 200 OK"
2025-08-09 04:46:09,260 INFO HTTP Request: POST https://api.telegram.org/bot8024375688:AAHYvfceRF22ZVMxlvqkdtfmR4rkWTyQDLo/getUpdates "HTTP/1.1 200 OK"
2025-08-09 04:46:12,182 INFO HTTP Request: POST https://api.telegram.org/bot8024375688:AAHYvfceRF22ZVMxlvqkdtfmR4rkWTyQDLo/getUpdates "HTTP/1.1 200 OK"
2025-08-09 04:46:12,477 INFO HTTP Request: POST https://api.telegram.org/bot8024375688:AAHYvfceRF22ZVMxlvqkdtfmR4rkWTyQDLo/sendMessage "HTTP/1.1 200 OK"
2025-08-09 04:46:14,772 INFO HTTP Request: POST https://api.telegram.org/bot8024375688:AAHYvfceRF22ZVMxlvqkdtfmR4rkWTyQDLo/getUpdates "HTTP/1.1 200 OK"
2025-08-09 04:46:14,773 INFO /start received from user_id=985612253
2025-08-09 04:46:14,992 INFO HTTP Request: POST https://api.telegram.org/bot8024375688:AAHYvfceRF22ZVMxlvqkdtfmR4rkWTyQDLo/sendMessage "HTTP/1.1 200 OK"
2025-08-09 04:46:24,857 INFO HTTP Request: POST https://api.telegram.org/bot8024375688:AAHYvfceRF22ZVMxlvqkdtfmR4rkWTyQDLo/getUpdates "HTTP/1.1 200 OK"
2025-08-09 04:46:34,940 INFO HTTP Request: POST https://api.telegram.org/bot8024375688:AAHYvfceRF22ZVMxlvqkdtfmR4rkWTyQDLo/getUpdates "HTTP/1.1 200 OK"
2025-08-09 04:46:36,036 INFO HTTP Request: POST https://api.telegram.org/bot8024375688:AAHYvfceRF22ZVMxlvqkdtfmR4rkWTyQDLo/getUpdates "HTTP/1.1 200 OK"
2025-08-09 04:46:36,327 INFO HTTP Request: POST https://api.telegram.org/bot8024375688:AAHYvfceRF22ZVMxlvqkdtfmR4rkWTyQDLo/answerCallbackQuery "HTTP/1.1 200 OK"
2025-08-09 04:46:36,434 INFO HTTP Request: POST https://api.telegram.org/bot8024375688:AAHYvfceRF22ZVMxlvqkdtfmR4rkWTyQDLo/editMessageText "HTTP/1.1 200 OK"
2025-08-09 04:46:46,120 INFO HTTP Request: POST https://api.telegram.org/bot8024375688:AAHYvfceRF22ZVMxlvqkdtfmR4rkWTyQDLo/getUpdates "HTTP/1.1 200 OK"
2025-08-09 04:46:46,233 INFO HTTP Request: POST https://api.telegram.org/bot8024375688:AAHYvfceRF22ZVMxlvqkdtfmR4rkWTyQDLo/getUpdates "HTTP/1.1 200 OK"
2025-08-09 04:46:46,501 INFO HTTP Request: POST https://api.telegram.org/bot8024375688:AAHYvfceRF22ZVMxlvqkdtfmR4rkWTyQDLo/answerCallbackQuery "HTTP/1.1 200 OK"
2025-08-09 04:46:46,501 INFO /start received from user_id=985612253
2025-08-09 04:46:46,600 INFO HTTP Request: POST https://api.telegram.org/bot8024375688:AAHYvfceRF22ZVMxlvqkdtfmR4rkWTyQDLo/editMessageText "HTTP/1.1 200 OK"
2025-08-09 04:46:47,858 INFO HTTP Request: POST https://api.telegram.org/bot8024375688:AAHYvfceRF22ZVMxlvqkdtfmR4rkWTyQDLo/getUpdates "HTTP/1.1 200 OK"
2025-08-09 04:46:47,950 INFO HTTP Request: POST https://api.telegram.org/bot8024375688:AAHYvfceRF22ZVMxlvqkdtfmR4rkWTyQDLo/answerCallbackQuery "HTTP/1.1 200 OK"
2025-08-09 04:46:48,055 INFO HTTP Request: POST https://api.telegram.org/bot8024375688:AAHYvfceRF22ZVMxlvqkdtfmR4rkWTyQDLo/editMessageText "HTTP/1.1 200 OK"
2025-08-09 04:46:57,943 INFO HTTP Request: POST https://api.telegram.org/bot8024375688:AAHYvfceRF22ZVMxlvqkdtfmR4rkWTyQDLo/getUpdates "HTTP/1.1 200 OK"
2025-08-09 04:47:04,810 INFO HTTP Request: POST https://api.telegram.org/bot8024375688:AAHYvfceRF22ZVMxlvqkdtfmR4rkWTyQDLo/getUpdates "HTTP/1.1 200 OK"
2025-08-09 04:47:05,108 INFO HTTP Request: POST https://api.telegram.org/bot8024375688:AAHYvfceRF22ZVMxlvqkdtfmR4rkWTyQDLo/answerCallbackQuery "HTTP/1.1 200 OK"
2025-08-09 04:47:05,109 INFO /start received from user_id=985612253
2025-08-09 04:47:05,272 INFO HTTP Request: POST https://api.telegram.org/bot8024375688:AAHYvfceRF22ZVMxlvqkdtfmR4rkWTyQDLo/editMessageText "HTTP/1.1 200 OK"
2025-08-09 04:47:14,896 INFO HTTP Request: POST https://api.telegram.org/bot8024375688:AAHYvfceRF22ZVMxlvqkdtfmR4rkWTyQDLo/getUpdates "HTTP/1.1 200 OK"
2025-08-09 04:47:19,660 INFO HTTP Request: POST https://api.telegram.org/bot8024375688:AAHYvfceRF22ZVMxlvqkdtfmR4rkWTyQDLo/getUpdates "HTTP/1.1 200 OK"
2025-08-09 04:47:29,744 INFO HTTP Request: POST https://api.telegram.org/bot8024375688:AAHYvfceRF22ZVMxlvqkdtfmR4rkWTyQDLo/getUpdates "HTTP/1.1 200 OK"
2025-08-09 04:47:32,515 INFO HTTP Request: POST https://api.telegram.org/bot8024375688:AAHYvfceRF22ZVMxlvqkdtfmR4rkWTyQDLo/getUpdates "HTTP/1.1 200 OK"
2025-08-09 04:47:32,779 INFO HTTP Request: POST https://api.telegram.org/bot8024375688:AAHYvfceRF22ZVMxlvqkdtfmR4rkWTyQDLo/answerCallbackQuery "HTTP/1.1 200 OK"
2025-08-09 04:47:32,883 INFO HTTP Request: POST https://api.telegram.org/bot8024375688:AAHYvfceRF22ZVMxlvqkdtfmR4rkWTyQDLo/editMessageText "HTTP/1.1 200 OK"
2025-08-09 04:47:37,682 INFO HTTP Request: POST https://api.telegram.org/bot8024375688:AAHYvfceRF22ZVMxlvqkdtfmR4rkWTyQDLo/getUpdates "HTTP/1.1 200 OK"
2025-08-09 04:47:37,774 INFO HTTP Request: POST https://api.telegram.org/bot8024375688:AAHYvfceRF22ZVMxlvqkdtfmR4rkWTyQDLo/answerCallbackQuery "HTTP/1.1 200 OK"
2025-08-09 04:47:37,774 INFO /start received from user_id=985612253
2025-08-09 04:47:37,936 INFO HTTP Request: POST https://api.telegram.org/bot8024375688:AAHYvfceRF22ZVMxlvqkdtfmR4rkWTyQDLo/editMessageText "HTTP/1.1 200 OK"
2025-08-09 04:47:47,768 INFO HTTP Request: POST https://api.telegram.org/bot8024375688:AAHYvfceRF22ZVMxlvqkdtfmR4rkWTyQDLo/getUpdates "HTTP/1.1 200 OK"
2025-08-09 04:47:57,852 INFO HTTP Request: POST https://api.telegram.org/bot8024375688:AAHYvfceRF22ZVMxlvqkdtfmR4rkWTyQDLo/getUpdates "HTTP/1.1 200 OK"
2025-08-09 04:48:07,935 INFO HTTP Request: POST https://api.telegram.org/bot8024375688:AAHYvfceRF22ZVMxlvqkdtfmR4rkWTyQDLo/getUpdates "HTTP/1.1 200 OK"
